#
# There is insufficient memory for the Java Runtime Environment to continue.
# Native memory allocation (malloc) failed to allocate 189776 bytes. Error detail: Chunk::new
# Possible reasons:
#   The system is out of physical RAM or swap space
#   This process is running with CompressedOops enabled, and the Java Heap may be blocking the growth of the native heap
# Possible solutions:
#   Reduce memory load on the system
#   Increase physical memory or swap space
#   Check if swap backing store is full
#   Decrease Java heap size (-Xmx/-Xms)
#   Decrease number of Java threads
#   Decrease Java thread stack sizes (-Xss)
#   Set larger code cache with -XX:ReservedCodeCacheSize=
#   JVM is running with Unscaled Compressed Oops mode in which the Java heap is
#     placed in the first 4GB address space. The Java Heap base address is the
#     maximum limit for the native heap growth. Please use -XX:HeapBaseMinAddress
#     to set the Java Heap base and to place the Java Heap above 4GB virtual address.
# This output file may be truncated or incomplete.
#
#  Out of Memory Error (arena.cpp:168), pid=3904, tid=13760
#
# JRE version: OpenJDK Runtime Environment Temurin-21.0.9+10 (21.0.9+10) (build 21.0.9+10-LTS)
# Java VM: OpenJDK 64-Bit Server VM Temurin-21.0.9+10 (21.0.9+10-LTS, mixed mode, sharing, tiered, compressed oops, compressed class ptrs, parallel gc, windows-amd64)
# No core dump will be written. Minidumps are not enabled by default on client versions of Windows
#

---------------  S U M M A R Y ------------

Command Line: --add-modules=ALL-SYSTEM --add-opens=java.base/java.util=ALL-UNNAMED --add-opens=java.base/java.lang=ALL-UNNAMED --add-opens=java.base/sun.nio.fs=ALL-UNNAMED -Declipse.application=org.eclipse.jdt.ls.core.id1 -Dosgi.bundles.defaultStartLevel=4 -Declipse.product=org.eclipse.jdt.ls.core.product -Djava.import.generatesMetadataFilesAtProjectRoot=false -DDetectVMInstallationsJob.disabled=true -Dfile.encoding=utf8 -XX:+UseParallelGC -XX:GCTimeRatio=4 -XX:AdaptiveSizePolicyWeight=90 -Dsun.zip.disableMemoryMapping=true -Xmx2G -Xms100m -Xlog:disable -javaagent:c:\Users\Admin\.vscode\extensions\redhat.java-1.52.0-win32-x64\lombok\lombok-1.18.39-4050.jar -XX:+HeapDumpOnOutOfMemoryError -XX:HeapDumpPath=c:\Users\Admin\AppData\Roaming\Code\User\workspaceStorage\424d9fdacd8a04098d89d77251ab1c30\redhat.java -Daether.dependencyCollector.impl=bf c:\Users\Admin\.vscode\extensions\redhat.java-1.52.0-win32-x64\server\plugins\org.eclipse.equinox.launcher_1.7.100.v20251111-0406.jar -configuration c:\Users\Admin\AppData\Roaming\Code\User\globalStorage\redhat.java\1.52.0\config_win -data c:\Users\Admin\AppData\Roaming\Code\User\workspaceStorage\424d9fdacd8a04098d89d77251ab1c30\redhat.java\jdt_ws --pipe=\\.\pipe\lsp-6b0532bfb8dcb5c270df6e2e318791d4-sock

Host: Intel(R) Core(TM) i3-1005G1 CPU @ 1.20GHz, 4 cores, 7G,  Windows 10 , 64 bit Build 19041 (10.0.19041.5072)
Time: Mon Feb  2 17:01:49 2026 Hora est. Pacífico, Sudamérica elapsed time: 1.002483 seconds (0d 0h 0m 1s)

---------------  T H R E A D  ---------------

Current thread (0x000001ca70720c10):  JavaThread "C2 CompilerThread0" daemon [_thread_in_native, id=13760, stack(0x0000002d06f00000,0x0000002d07000000) (1024K)]


Current CompileTask:
C2:1002  524 %     4       lombok.launch.PackageShader::apply @ 76 (252 bytes)

Stack: [0x0000002d06f00000,0x0000002d07000000]
Native frames: (J=compiled Java code, j=interpreted, Vv=VM code, C=native code)
V  [jvm.dll+0x6d6e29]
V  [jvm.dll+0x8b4b76]
V  [jvm.dll+0x8b712e]
V  [jvm.dll+0x8b7813]
V  [jvm.dll+0x283d86]
V  [jvm.dll+0xc66ed]
V  [jvm.dll+0xc6c31]
V  [jvm.dll+0x2facee]
V  [jvm.dll+0x5fde44]
V  [jvm.dll+0x255557]
V  [jvm.dll+0x25591d]
V  [jvm.dll+0x24df40]
V  [jvm.dll+0x24b482]
V  [jvm.dll+0x1cb13e]
V  [jvm.dll+0x25b29d]
V  [jvm.dll+0x25982a]
V  [jvm.dll+0x3f7ea6]
V  [jvm.dll+0x85e9ad]
V  [jvm.dll+0x6d565d]
C  [ucrtbase.dll+0x21bb2]
C  [KERNEL32.DLL+0x17374]
C  [ntdll.dll+0x4cc91]


---------------  P R O C E S S  ---------------

Threads class SMR info:
_java_thread_list=0x000001ca7d115100, length=10, elements={
0x000001ca6e5a8fc0, 0x000001ca70717ea0, 0x000001ca707197a0, 0x000001ca7071a6b0,
0x000001ca7071b5c0, 0x000001ca7071d380, 0x000001ca7071fde0, 0x000001ca70720c10,
0x000001ca7079d6a0, 0x000001ca7d15f570
}

Java Threads: ( => current thread )
  0x000001ca6e5a8fc0 JavaThread "main"                              [_thread_in_vm, id=7836, stack(0x0000002d06500000,0x0000002d06600000) (1024K)]
  0x000001ca70717ea0 JavaThread "Reference Handler"          daemon [_thread_blocked, id=11628, stack(0x0000002d06900000,0x0000002d06a00000) (1024K)]
  0x000001ca707197a0 JavaThread "Finalizer"                  daemon [_thread_blocked, id=3220, stack(0x0000002d06a00000,0x0000002d06b00000) (1024K)]
  0x000001ca7071a6b0 JavaThread "Signal Dispatcher"          daemon [_thread_blocked, id=7896, stack(0x0000002d06b00000,0x0000002d06c00000) (1024K)]
  0x000001ca7071b5c0 JavaThread "Attach Listener"            daemon [_thread_blocked, id=12308, stack(0x0000002d06c00000,0x0000002d06d00000) (1024K)]
  0x000001ca7071d380 JavaThread "Service Thread"             daemon [_thread_blocked, id=8512, stack(0x0000002d06d00000,0x0000002d06e00000) (1024K)]
  0x000001ca7071fde0 JavaThread "Monitor Deflation Thread"   daemon [_thread_blocked, id=12628, stack(0x0000002d06e00000,0x0000002d06f00000) (1024K)]
=>0x000001ca70720c10 JavaThread "C2 CompilerThread0"         daemon [_thread_in_native, id=13760, stack(0x0000002d06f00000,0x0000002d07000000) (1024K)]
  0x000001ca7079d6a0 JavaThread "C1 CompilerThread0"         daemon [_thread_blocked, id=14392, stack(0x0000002d07000000,0x0000002d07100000) (1024K)]
  0x000001ca7d15f570 JavaThread "Common-Cleaner"             daemon [_thread_blocked, id=12696, stack(0x0000002d07100000,0x0000002d07200000) (1024K)]
Total: 10

Other Threads:
  0x000001ca708edff0 VMThread "VM Thread"                           [id=14996, stack(0x0000002d06800000,0x0000002d06900000) (1024K)]
  0x000001ca706cc950 WatcherThread "VM Periodic Task Thread"        [id=3296, stack(0x0000002d06700000,0x0000002d06800000) (1024K)]
  0x000001ca7084f0e0 WorkerThread "GC Thread#0"                     [id=14652, stack(0x0000002d06600000,0x0000002d06700000) (1024K)]
Total: 3

Threads with active compile tasks:
C2 CompilerThread0  1027  524 %     4       lombok.launch.PackageShader::apply @ 76 (252 bytes)
Total: 1

VM state: not at safepoint (normal execution)

VM Mutex/Monitor currently owned by a thread: None

Heap address: 0x0000000080000000, size: 2048 MB, Compressed Oops mode: 32-bit

CDS archive(s) mapped at: [0x000001ca0f000000-0x000001ca0fba0000-0x000001ca0fba0000), size 12189696, SharedBaseAddress: 0x000001ca0f000000, ArchiveRelocationMode: 1.
Compressed class space mapped at: 0x000001ca10000000-0x000001ca50000000, reserved size: 1073741824
Narrow klass base: 0x000001ca0f000000, Narrow klass shift: 0, Narrow klass range: 0x100000000

GC Precious Log:
 CardTable entry size: 512
 CPUs: 4 total, 4 available
 Memory: 7934M
 Large Page Support: Disabled
 NUMA Support: Disabled
 Compressed Oops: Enabled (32-bit)
 Alignments: Space 512K, Generation 512K, Heap 2M
 Heap Min Capacity: 100M
 Heap Initial Capacity: 100M
 Heap Max Capacity: 2G
 Pre-touch: Disabled
 Parallel Workers: 4

Heap:
 PSYoungGen      total 29696K, used 9170K [0x00000000d5580000, 0x00000000d7680000, 0x0000000100000000)
  eden space 25600K, 35% used [0x00000000d5580000,0x00000000d5e74b28,0x00000000d6e80000)
  from space 4096K, 0% used [0x00000000d7280000,0x00000000d7280000,0x00000000d7680000)
  to   space 4096K, 0% used [0x00000000d6e80000,0x00000000d6e80000,0x00000000d7280000)
 ParOldGen       total 68608K, used 0K [0x0000000080000000, 0x0000000084300000, 0x00000000d5580000)
  object space 68608K, 0% used [0x0000000080000000,0x0000000080000000,0x0000000084300000)
 Metaspace       used 1088K, committed 1344K, reserved 1114112K
  class space    used 98K, committed 192K, reserved 1048576K

Card table byte_map: [0x000001ca701e0000,0x000001ca705f0000] _byte_map_base: 0x000001ca6fde0000

Marking Bits: (ParMarkBitMap*) 0x00007ffd93b42460
 Begin Bits: [0x000001ca73cf0000, 0x000001ca75cf0000)
 End Bits:   [0x000001ca75cf0000, 0x000001ca77cf0000)

Polling page: 0x000001ca6e500000

Metaspace:

Usage:
  Non-class:    990.55 KB used.
      Class:     98.03 KB used.
       Both:      1.06 MB used.

Virtual space:
  Non-class space:       64.00 MB reserved,       1.12 MB (  2%) committed,  1 nodes.
      Class space:        1.00 GB reserved,     192.00 KB ( <1%) committed,  1 nodes.
             Both:        1.06 GB reserved,       1.31 MB ( <1%) committed. 

Chunk freelists:
   Non-Class:  11.67 MB
       Class:  15.67 MB
        Both:  27.34 MB

MaxMetaspaceSize: unlimited
CompressedClassSpaceSize: 1.00 GB
Initial GC threshold: 21.00 MB
Current GC threshold: 21.00 MB
CDS: on
 - commit_granule_bytes: 65536.
 - commit_granule_words: 8192.
 - virtual_space_node_default_size: 8388608.
 - enlarge_chunks_in_place: 1.
 - use_allocation_guard: 0.


Internal statistics:

num_allocs_failed_limit: 0.
num_arena_births: 74.
num_arena_deaths: 0.
num_vsnodes_births: 2.
num_vsnodes_deaths: 0.
num_space_committed: 21.
num_space_uncommitted: 0.
num_chunks_returned_to_freelist: 0.
num_chunks_taken_from_freelist: 96.
num_chunk_merges: 0.
num_chunk_splits: 67.
num_chunks_enlarged: 42.
num_inconsistent_stats: 0.

CodeHeap 'non-profiled nmethods': size=120000Kb used=173Kb max_used=173Kb free=119826Kb
 bounds [0x000001ca07ad0000, 0x000001ca07d40000, 0x000001ca0f000000]
CodeHeap 'profiled nmethods': size=120000Kb used=743Kb max_used=743Kb free=119256Kb
 bounds [0x000001ca00000000, 0x000001ca00270000, 0x000001ca07530000]
CodeHeap 'non-nmethods': size=5760Kb used=1160Kb max_used=1174Kb free=4599Kb
 bounds [0x000001ca07530000, 0x000001ca077a0000, 0x000001ca07ad0000]
CodeCache: size=245760Kb, used=2076Kb, max_used=2090Kb, free=243681Kb
 total_blobs=930, nmethods=534, adapters=303, full_count=0
Compilation: enabled, stopped_count=0, restarted_count=0

Compilation events (20 events):
Event: 0.959 Thread 0x000001ca7079d6a0 nmethod 515 0x000001ca07af9d90 code [0x000001ca07af9f20, 0x000001ca07af9fe8]
Event: 0.959 Thread 0x000001ca7079d6a0  516       1       java.net.URL::getAuthority (5 bytes)
Event: 0.959 Thread 0x000001ca7079d6a0 nmethod 516 0x000001ca07afa090 code [0x000001ca07afa220, 0x000001ca07afa2e8]
Event: 0.959 Thread 0x000001ca7079d6a0  517       1       java.net.URL::getPath (5 bytes)
Event: 0.959 Thread 0x000001ca7079d6a0 nmethod 517 0x000001ca07afa390 code [0x000001ca07afa520, 0x000001ca07afa5e8]
Event: 0.959 Thread 0x000001ca7079d6a0  518       1       java.net.URL::getQuery (5 bytes)
Event: 0.959 Thread 0x000001ca7079d6a0 nmethod 518 0x000001ca07afa690 code [0x000001ca07afa820, 0x000001ca07afa8e8]
Event: 0.961 Thread 0x000001ca7079d6a0  519       3       java.lang.ClassLoader::getResource (41 bytes)
Event: 0.962 Thread 0x000001ca7079d6a0 nmethod 519 0x000001ca000b0710 code [0x000001ca000b0920, 0x000001ca000b0f18]
Event: 0.963 Thread 0x000001ca7079d6a0  520       3       java.io.FileSystem::hasBooleanAttributes (17 bytes)
Event: 0.963 Thread 0x000001ca7079d6a0 nmethod 520 0x000001ca000b1110 code [0x000001ca000b12c0, 0x000001ca000b1470]
Event: 0.965 Thread 0x000001ca7079d6a0  521   !   3       java.io.WinNTFileSystem::resolve (362 bytes)
Event: 0.971 Thread 0x000001ca7079d6a0 nmethod 521 0x000001ca000b1510 code [0x000001ca000b1cc0, 0x000001ca000b55b8]
Event: 0.978 Thread 0x000001ca7079d6a0  523       1       java.net.URL::getUserInfo (5 bytes)
Event: 0.978 Thread 0x000001ca7079d6a0 nmethod 523 0x000001ca07afad90 code [0x000001ca07afaf20, 0x000001ca07afafe8]
Event: 0.987 Thread 0x000001ca70720c10  524 %     4       lombok.launch.PackageShader::apply @ 76 (252 bytes)
Event: 0.992 Thread 0x000001ca7079d6a0  525       3       java.lang.StringLatin1::indexOf (121 bytes)
Event: 0.993 Thread 0x000001ca7079d6a0 nmethod 525 0x000001ca000b6d90 code [0x000001ca000b6f80, 0x000001ca000b7438]
Event: 0.993 Thread 0x000001ca7079d6a0  526       3       java.util.ArrayList::iterator (9 bytes)
Event: 0.994 Thread 0x000001ca7079d6a0 nmethod 526 0x000001ca000b7690 code [0x000001ca000b7840, 0x000001ca000b7a98]

GC Heap History (0 events):
No events

Dll operation events (8 events):
Event: 0.015 Loaded shared library c:\Users\Admin\.vscode\extensions\redhat.java-1.52.0-win32-x64\jre\21.0.9-win32-x86_64\bin\java.dll
Event: 0.261 Loaded shared library c:\Users\Admin\.vscode\extensions\redhat.java-1.52.0-win32-x64\jre\21.0.9-win32-x86_64\bin\zip.dll
Event: 0.335 Loaded shared library C:\Users\Admin\.vscode\extensions\redhat.java-1.52.0-win32-x64\jre\21.0.9-win32-x86_64\bin\instrument.dll
Event: 0.364 Loaded shared library C:\Users\Admin\.vscode\extensions\redhat.java-1.52.0-win32-x64\jre\21.0.9-win32-x86_64\bin\net.dll
Event: 0.369 Loaded shared library C:\Users\Admin\.vscode\extensions\redhat.java-1.52.0-win32-x64\jre\21.0.9-win32-x86_64\bin\nio.dll
Event: 0.378 Loaded shared library C:\Users\Admin\.vscode\extensions\redhat.java-1.52.0-win32-x64\jre\21.0.9-win32-x86_64\bin\zip.dll
Event: 0.435 Loaded shared library C:\Users\Admin\.vscode\extensions\redhat.java-1.52.0-win32-x64\jre\21.0.9-win32-x86_64\bin\jimage.dll
Event: 0.711 Loaded shared library c:\Users\Admin\.vscode\extensions\redhat.java-1.52.0-win32-x64\jre\21.0.9-win32-x86_64\bin\verify.dll

Deoptimization events (14 events):
Event: 0.394 Thread 0x000001ca6e5a8fc0 Uncommon trap: trap_request=0xffffffde fr.pc=0x000001ca07adce84 relative=0x00000000000007c4
Event: 0.394 Thread 0x000001ca6e5a8fc0 Uncommon trap: reason=class_check action=maybe_recompile pc=0x000001ca07adce84 method=java.util.HashMap.putVal(ILjava/lang/Object;Ljava/lang/Object;ZZ)Ljava/lang/Object; @ 152 c2
Event: 0.394 Thread 0x000001ca6e5a8fc0 DEOPT PACKING pc=0x000001ca07adce84 sp=0x0000002d065fe520
Event: 0.394 Thread 0x000001ca6e5a8fc0 DEOPT UNPACKING pc=0x000001ca07586da2 sp=0x0000002d065fe480 mode 2
Event: 0.394 Thread 0x000001ca6e5a8fc0 Uncommon trap: trap_request=0xffffffde fr.pc=0x000001ca07adce84 relative=0x00000000000007c4
Event: 0.394 Thread 0x000001ca6e5a8fc0 Uncommon trap: reason=class_check action=maybe_recompile pc=0x000001ca07adce84 method=java.util.HashMap.putVal(ILjava/lang/Object;Ljava/lang/Object;ZZ)Ljava/lang/Object; @ 152 c2
Event: 0.394 Thread 0x000001ca6e5a8fc0 DEOPT PACKING pc=0x000001ca07adce84 sp=0x0000002d065fe520
Event: 0.394 Thread 0x000001ca6e5a8fc0 DEOPT UNPACKING pc=0x000001ca07586da2 sp=0x0000002d065fe480 mode 2
Event: 0.450 Thread 0x000001ca6e5a8fc0 DEOPT PACKING pc=0x000001ca0003aec9 sp=0x0000002d065fe300
Event: 0.450 Thread 0x000001ca6e5a8fc0 DEOPT UNPACKING pc=0x000001ca075878e2 sp=0x0000002d065fd788 mode 0
Event: 0.452 Thread 0x000001ca6e5a8fc0 DEOPT PACKING pc=0x000001ca0003aec9 sp=0x0000002d065fe300
Event: 0.452 Thread 0x000001ca6e5a8fc0 DEOPT UNPACKING pc=0x000001ca075878e2 sp=0x0000002d065fd788 mode 0
Event: 0.454 Thread 0x000001ca6e5a8fc0 DEOPT PACKING pc=0x000001ca0003aec9 sp=0x0000002d065fe300
Event: 0.454 Thread 0x000001ca6e5a8fc0 DEOPT UNPACKING pc=0x000001ca075878e2 sp=0x0000002d065fd788 mode 0

Classes loaded (20 events):
Event: 0.543 Loading class java/lang/invoke/BoundMethodHandle$Species_LI
Event: 0.543 Loading class java/lang/invoke/BoundMethodHandle$Species_LI done
Event: 0.717 Loading class java/lang/IllegalAccessException
Event: 0.717 Loading class java/lang/IllegalAccessException done
Event: 0.726 Loading class java/lang/IllegalStateException
Event: 0.726 Loading class java/lang/IllegalStateException done
Event: 0.743 Loading class java/lang/instrument/ClassFileTransformer
Event: 0.743 Loading class java/lang/instrument/ClassFileTransformer done
Event: 0.746 Loading class java/lang/UnsupportedOperationException
Event: 0.746 Loading class java/lang/UnsupportedOperationException done
Event: 0.769 Loading class java/lang/instrument/UnmodifiableClassException
Event: 0.769 Loading class java/lang/instrument/UnmodifiableClassException done
Event: 0.769 Loading class java/lang/instrument/ClassDefinition
Event: 0.769 Loading class java/lang/instrument/ClassDefinition done
Event: 0.793 Loading class java/lang/invoke/WrongMethodTypeException
Event: 0.793 Loading class java/lang/invoke/WrongMethodTypeException done
Event: 0.850 Loading class java/util/regex/Pattern$Loop
Event: 0.850 Loading class java/util/regex/Pattern$Loop done
Event: 0.851 Loading class java/util/regex/Pattern$Prolog
Event: 0.851 Loading class java/util/regex/Pattern$Prolog done

Classes unloaded (0 events):
No events

Classes redefined (0 events):
No events

Internal exceptions (11 events):
Event: 0.231 Thread 0x000001ca6e5a8fc0 Exception <a 'java/lang/NoSuchMethodError'{0x00000000d57a90c8}: 'void java.lang.invoke.DirectMethodHandle$Holder.invokeStatic(java.lang.Object, java.lang.Object, java.lang.Object)'> (0x00000000d57a90c8) 
thrown [s\src\hotspot\share\interpreter\linkResolver.cpp, line 773]
Event: 0.413 Thread 0x000001ca6e5a8fc0 Exception <a 'java/lang/NoSuchMethodError'{0x00000000d59120e0}: 'java.lang.Object java.lang.invoke.Invokers$Holder.invokeExact_MT(java.lang.Object, java.lang.Object, java.lang.Object, java.lang.Object, java.lang.Object)'> (0x00000000d59120e0) 
thrown [s\src\hotspot\share\interpreter\linkResolver.cpp, line 773]
Event: 0.542 Thread 0x000001ca6e5a8fc0 Exception <a 'java/lang/NoSuchMethodError'{0x00000000d59ca218}: 'int java.lang.invoke.DirectMethodHandle$Holder.invokeSpecial(java.lang.Object, java.lang.Object, java.lang.Object, int)'> (0x00000000d59ca218) 
thrown [s\src\hotspot\share\interpreter\linkResolver.cpp, line 773]
Event: 0.548 Thread 0x000001ca6e5a8fc0 Exception <a 'java/lang/NoSuchMethodError'{0x00000000d59dcc00}: 'java.lang.Object java.lang.invoke.DirectMethodHandle$Holder.invokeStatic(java.lang.Object, java.lang.Object, java.lang.Object, java.lang.Object, int)'> (0x00000000d59dcc00) 
thrown [s\src\hotspot\share\interpreter\linkResolver.cpp, line 773]
Event: 0.553 Thread 0x000001ca6e5a8fc0 Exception <a 'java/lang/NoSuchMethodError'{0x00000000d59e8040}: 'void java.lang.invoke.DelegatingMethodHandle$Holder.reinvoke_L(java.lang.Object, java.lang.Object, java.lang.Object, int, java.lang.Object)'> (0x00000000d59e8040) 
thrown [s\src\hotspot\share\interpreter\linkResolver.cpp, line 773]
Event: 0.561 Thread 0x000001ca6e5a8fc0 Exception <a 'java/lang/NoSuchMethodError'{0x00000000d59f8990}: 'int java.lang.invoke.DirectMethodHandle$Holder.invokeSpecial(java.lang.Object, java.lang.Object, java.lang.Object)'> (0x00000000d59f8990) 
thrown [s\src\hotspot\share\interpreter\linkResolver.cpp, line 773]
Event: 0.565 Thread 0x000001ca6e5a8fc0 Exception <a 'java/lang/NoSuchMethodError'{0x00000000d5a04650}: 'java.lang.Object java.lang.invoke.DirectMethodHandle$Holder.invokeStatic(java.lang.Object, java.lang.Object, int)'> (0x00000000d5a04650) 
thrown [s\src\hotspot\share\interpreter\linkResolver.cpp, line 773]
Event: 0.574 Thread 0x000001ca6e5a8fc0 Exception <a 'java/lang/NoSuchMethodError'{0x00000000d5a08fa0}: 'void java.lang.invoke.DirectMethodHandle$Holder.invokeStatic(java.lang.Object, java.lang.Object, int, java.lang.Object)'> (0x00000000d5a08fa0) 
thrown [s\src\hotspot\share\interpreter\linkResolver.cpp, line 773]
Event: 0.575 Thread 0x000001ca6e5a8fc0 Exception <a 'java/lang/NoSuchMethodError'{0x00000000d5a0cb30}: 'void java.lang.invoke.DirectMethodHandle$Holder.invokeSpecial(java.lang.Object, java.lang.Object, java.lang.Object, int, java.lang.Object)'> (0x00000000d5a0cb30) 
thrown [s\src\hotspot\share\interpreter\linkResolver.cpp, line 773]
Event: 0.577 Thread 0x000001ca6e5a8fc0 Exception <a 'java/lang/NoSuchMethodError'{0x00000000d5a0ffa0}: 'void java.lang.invoke.DelegatingMethodHandle$Holder.delegate(java.lang.Object, java.lang.Object, int, java.lang.Object)'> (0x00000000d5a0ffa0) 
thrown [s\src\hotspot\share\interpreter\linkResolver.cpp, line 773]
Event: 0.783 Thread 0x000001ca6e5a8fc0 Exception <a 'java/lang/NoSuchMethodError'{0x00000000d5bcefb8}: 'void java.lang.invoke.DelegatingMethodHandle$Holder.reinvoke_L(java.lang.Object, java.lang.Object, java.lang.Object, int)'> (0x00000000d5bcefb8) 
thrown [s\src\hotspot\share\interpreter\linkResolver.cpp, line 773]

ZGC Phase Switch (0 events):
No events

VM Operations (4 events):
Event: 0.258 Executing VM operation: HandshakeAllThreads (Deoptimize)
Event: 0.258 Executing VM operation: HandshakeAllThreads (Deoptimize) done
Event: 0.477 Executing VM operation: HandshakeAllThreads (Deoptimize)
Event: 0.477 Executing VM operation: HandshakeAllThreads (Deoptimize) done

Memory protections (0 events):
No events

Nmethod flushes (0 events):
No events

Events (10 events):
Event: 0.040 Thread 0x000001ca6e5a8fc0 Thread added: 0x000001ca6e5a8fc0
Event: 0.077 Thread 0x000001ca6e5a8fc0 Thread added: 0x000001ca70717ea0
Event: 0.077 Thread 0x000001ca6e5a8fc0 Thread added: 0x000001ca707197a0
Event: 0.078 Thread 0x000001ca6e5a8fc0 Thread added: 0x000001ca7071a6b0
Event: 0.078 Thread 0x000001ca6e5a8fc0 Thread added: 0x000001ca7071b5c0
Event: 0.078 Thread 0x000001ca6e5a8fc0 Thread added: 0x000001ca7071d380
Event: 0.078 Thread 0x000001ca6e5a8fc0 Thread added: 0x000001ca7071fde0
Event: 0.078 Thread 0x000001ca6e5a8fc0 Thread added: 0x000001ca70720c10
Event: 0.084 Thread 0x000001ca6e5a8fc0 Thread added: 0x000001ca7079d6a0
Event: 0.343 Thread 0x000001ca6e5a8fc0 Thread added: 0x000001ca7d15f570


Dynamic libraries:
0x00007ff6ec9b0000 - 0x00007ff6ec9be000 	c:\Users\Admin\.vscode\extensions\redhat.java-1.52.0-win32-x64\jre\21.0.9-win32-x86_64\bin\java.exe
0x00007ffe469d0000 - 0x00007ffe46bc8000 	C:\Windows\SYSTEM32\ntdll.dll
0x00007ffe44f60000 - 0x00007ffe45022000 	C:\Windows\System32\KERNEL32.DLL
0x00007ffe44070000 - 0x00007ffe4436e000 	C:\Windows\System32\KERNELBASE.dll
0x00007ffe44510000 - 0x00007ffe44610000 	C:\Windows\System32\ucrtbase.dll
0x00007ffe31240000 - 0x00007ffe31258000 	c:\Users\Admin\.vscode\extensions\redhat.java-1.52.0-win32-x64\jre\21.0.9-win32-x86_64\bin\jli.dll
0x00007ffe46790000 - 0x00007ffe4692d000 	C:\Windows\System32\USER32.dll
0x00007ffe449c0000 - 0x00007ffe449e2000 	C:\Windows\System32\win32u.dll
0x00007ffe466d0000 - 0x00007ffe466fb000 	C:\Windows\System32\GDI32.dll
0x00007ffe44710000 - 0x00007ffe44827000 	C:\Windows\System32\gdi32full.dll
0x00007ffe44370000 - 0x00007ffe4440d000 	C:\Windows\System32\msvcp_win.dll
0x00007ffe31220000 - 0x00007ffe3123e000 	c:\Users\Admin\.vscode\extensions\redhat.java-1.52.0-win32-x64\jre\21.0.9-win32-x86_64\bin\VCRUNTIME140.dll
0x00007ffe309f0000 - 0x00007ffe30c8a000 	C:\Windows\WinSxS\amd64_microsoft.windows.common-controls_6595b64144ccf1df_6.0.19041.4355_none_60b8b9eb71f62e16\COMCTL32.dll
0x00007ffe44c70000 - 0x00007ffe44d0e000 	C:\Windows\System32\msvcrt.dll
0x00007ffe464c0000 - 0x00007ffe464ef000 	C:\Windows\System32\IMM32.DLL
0x00007ffe3d340000 - 0x00007ffe3d34c000 	c:\Users\Admin\.vscode\extensions\redhat.java-1.52.0-win32-x64\jre\21.0.9-win32-x86_64\bin\vcruntime140_1.dll
0x00007ffe1e0b0000 - 0x00007ffe1e13d000 	c:\Users\Admin\.vscode\extensions\redhat.java-1.52.0-win32-x64\jre\21.0.9-win32-x86_64\bin\msvcp140.dll
0x00007ffd92e80000 - 0x00007ffd93c20000 	c:\Users\Admin\.vscode\extensions\redhat.java-1.52.0-win32-x64\jre\21.0.9-win32-x86_64\bin\server\jvm.dll
0x00007ffe45670000 - 0x00007ffe45721000 	C:\Windows\System32\ADVAPI32.dll
0x00007ffe45030000 - 0x00007ffe450cf000 	C:\Windows\System32\sechost.dll
0x00007ffe465a0000 - 0x00007ffe466c3000 	C:\Windows\System32\RPCRT4.dll
0x00007ffe44830000 - 0x00007ffe44857000 	C:\Windows\System32\bcrypt.dll
0x00007ffe45bb0000 - 0x00007ffe45c1b000 	C:\Windows\System32\WS2_32.dll
0x00007ffe43ed0000 - 0x00007ffe43f1b000 	C:\Windows\SYSTEM32\POWRPROF.dll
0x00007ffe3e150000 - 0x00007ffe3e15a000 	C:\Windows\SYSTEM32\VERSION.dll
0x00007ffe30ca0000 - 0x00007ffe30cc7000 	C:\Windows\SYSTEM32\WINMM.dll
0x00007ffe43eb0000 - 0x00007ffe43ec2000 	C:\Windows\SYSTEM32\UMPDC.dll
0x00007ffe42850000 - 0x00007ffe42862000 	C:\Windows\SYSTEM32\kernel.appcore.dll
0x00007ffe39600000 - 0x00007ffe3960a000 	c:\Users\Admin\.vscode\extensions\redhat.java-1.52.0-win32-x64\jre\21.0.9-win32-x86_64\bin\jimage.dll
0x00007ffe41db0000 - 0x00007ffe41f94000 	C:\Windows\SYSTEM32\DBGHELP.DLL
0x00007ffe2e7d0000 - 0x00007ffe2e804000 	C:\Windows\SYSTEM32\dbgcore.DLL
0x00007ffe44410000 - 0x00007ffe44492000 	C:\Windows\System32\bcryptPrimitives.dll
0x00007ffe22de0000 - 0x00007ffe22def000 	c:\Users\Admin\.vscode\extensions\redhat.java-1.52.0-win32-x64\jre\21.0.9-win32-x86_64\bin\instrument.dll
0x00007ffe31200000 - 0x00007ffe31220000 	c:\Users\Admin\.vscode\extensions\redhat.java-1.52.0-win32-x64\jre\21.0.9-win32-x86_64\bin\java.dll
0x00007ffe45d50000 - 0x00007ffe464bd000 	C:\Windows\System32\SHELL32.dll
0x00007ffe42090000 - 0x00007ffe42834000 	C:\Windows\SYSTEM32\windows.storage.dll
0x00007ffe45850000 - 0x00007ffe45ba3000 	C:\Windows\System32\combase.dll
0x00007ffe438f0000 - 0x00007ffe4391e000 	C:\Windows\SYSTEM32\Wldp.dll
0x00007ffe45c20000 - 0x00007ffe45ced000 	C:\Windows\System32\OLEAUT32.dll
0x00007ffe44a80000 - 0x00007ffe44b2d000 	C:\Windows\System32\SHCORE.dll
0x00007ffe45cf0000 - 0x00007ffe45d45000 	C:\Windows\System32\shlwapi.dll
0x00007ffe43fa0000 - 0x00007ffe43fc4000 	C:\Windows\SYSTEM32\profapi.dll
0x00007ffe311e0000 - 0x00007ffe311f8000 	c:\Users\Admin\.vscode\extensions\redhat.java-1.52.0-win32-x64\jre\21.0.9-win32-x86_64\bin\zip.dll
0x00007ffe35830000 - 0x00007ffe35840000 	C:\Users\Admin\.vscode\extensions\redhat.java-1.52.0-win32-x64\jre\21.0.9-win32-x86_64\bin\net.dll
0x00007ffe3bd80000 - 0x00007ffe3be8d000 	C:\Windows\SYSTEM32\WINHTTP.dll
0x00007ffe436d0000 - 0x00007ffe4373a000 	C:\Windows\system32\mswsock.dll
0x00007ffe311c0000 - 0x00007ffe311d6000 	C:\Users\Admin\.vscode\extensions\redhat.java-1.52.0-win32-x64\jre\21.0.9-win32-x86_64\bin\nio.dll
0x00007ffe22df0000 - 0x00007ffe22e00000 	c:\Users\Admin\.vscode\extensions\redhat.java-1.52.0-win32-x64\jre\21.0.9-win32-x86_64\bin\verify.dll

JVMTI agents:
c:\Users\Admin\.vscode\extensions\redhat.java-1.52.0-win32-x64\lombok\lombok-1.18.39-4050.jar path:c:\Users\Admin\.vscode\extensions\redhat.java-1.52.0-win32-x64\jre\21.0.9-win32-x86_64\bin\instrument.dll, loaded, initialized, instrumentlib options:none

dbghelp: loaded successfully - version: 4.0.5 - missing functions: none
symbol engine: initialized successfully - sym options: 0x614 - pdb path: .;c:\Users\Admin\.vscode\extensions\redhat.java-1.52.0-win32-x64\jre\21.0.9-win32-x86_64\bin;C:\Windows\SYSTEM32;C:\Windows\WinSxS\amd64_microsoft.windows.common-controls_6595b64144ccf1df_6.0.19041.4355_none_60b8b9eb71f62e16;c:\Users\Admin\.vscode\extensions\redhat.java-1.52.0-win32-x64\jre\21.0.9-win32-x86_64\bin\server

VM Arguments:
jvm_args: --add-modules=ALL-SYSTEM --add-opens=java.base/java.util=ALL-UNNAMED --add-opens=java.base/java.lang=ALL-UNNAMED --add-opens=java.base/sun.nio.fs=ALL-UNNAMED -Declipse.application=org.eclipse.jdt.ls.core.id1 -Dosgi.bundles.defaultStartLevel=4 -Declipse.product=org.eclipse.jdt.ls.core.product -Djava.import.generatesMetadataFilesAtProjectRoot=false -DDetectVMInstallationsJob.disabled=true -Dfile.encoding=utf8 -XX:+UseParallelGC -XX:GCTimeRatio=4 -XX:AdaptiveSizePolicyWeight=90 -Dsun.zip.disableMemoryMapping=true -Xmx2G -Xms100m -Xlog:disable -javaagent:c:\Users\Admin\.vscode\extensions\redhat.java-1.52.0-win32-x64\lombok\lombok-1.18.39-4050.jar -XX:+HeapDumpOnOutOfMemoryError -XX:HeapDumpPath=c:\Users\Admin\AppData\Roaming\Code\User\workspaceStorage\424d9fdacd8a04098d89d77251ab1c30\redhat.java -Daether.dependencyCollector.impl=bf 
java_command: c:\Users\Admin\.vscode\extensions\redhat.java-1.52.0-win32-x64\server\plugins\org.eclipse.equinox.launcher_1.7.100.v20251111-0406.jar -configuration c:\Users\Admin\AppData\Roaming\Code\User\globalStorage\redhat.java\1.52.0\config_win -data c:\Users\Admin\AppData\Roaming\Code\User\workspaceStorage\424d9fdacd8a04098d89d77251ab1c30\redhat.java\jdt_ws --pipe=\\.\pipe\lsp-6b0532bfb8dcb5c270df6e2e318791d4-sock
java_class_path (initial): c:\Users\Admin\.vscode\extensions\redhat.java-1.52.0-win32-x64\server\plugins\org.eclipse.equinox.launcher_1.7.100.v20251111-0406.jar
Launcher Type: SUN_STANDARD

[Global flags]
    uintx AdaptiveSizePolicyWeight                 = 90                                        {product} {command line}
     intx CICompilerCount                          = 3                                         {product} {ergonomic}
    uintx GCTimeRatio                              = 4                                         {product} {command line}
     bool HeapDumpOnOutOfMemoryError               = true                                   {manageable} {command line}
    ccstr HeapDumpPath                             = c:\Users\Admin\AppData\Roaming\Code\User\workspaceStorage\424d9fdacd8a04098d89d77251ab1c30\redhat.java         {manageable} {command line}
   size_t InitialHeapSize                          = 104857600                                 {product} {command line}
   size_t MaxHeapSize                              = 2147483648                                {product} {command line}
   size_t MaxNewSize                               = 715653120                                 {product} {ergonomic}
   size_t MinHeapDeltaBytes                        = 524288                                    {product} {ergonomic}
   size_t MinHeapSize                              = 104857600                                 {product} {command line}
   size_t NewSize                                  = 34603008                                  {product} {ergonomic}
    uintx NonNMethodCodeHeapSize                   = 5832780                                {pd product} {ergonomic}
    uintx NonProfiledCodeHeapSize                  = 122912730                              {pd product} {ergonomic}
   size_t OldSize                                  = 70254592                                  {product} {ergonomic}
    uintx ProfiledCodeHeapSize                     = 122912730                              {pd product} {ergonomic}
    uintx ReservedCodeCacheSize                    = 251658240                              {pd product} {ergonomic}
     bool SegmentedCodeCache                       = true                                      {product} {ergonomic}
   size_t SoftMaxHeapSize                          = 2147483648                             {manageable} {ergonomic}
     bool UseCompressedOops                        = true                           {product lp64_product} {ergonomic}
     bool UseLargePagesIndividualAllocation        = false                                  {pd product} {ergonomic}
     bool UseParallelGC                            = true                                      {product} {command line}

Logging:
Log output configuration:
 #0: stdout all=off uptime,level,tags foldmultilines=false
 #1: stderr all=off uptime,level,tags foldmultilines=false

Release file:
<release file has not been read>
Environment Variables:
JAVA_HOME=C:\Program Files\Eclipse Adoptium\jdk-17.0.17.10-hotspot
PATH=C:\Program Files\Eclipse Adoptium\jdk-17.0.17.10-hotspot\bin;C:\Program Files\Oracle Client for Microsoft Tools\;C:\app\Admin\product\21c\dbhomeXE\bin;C:\Python312\Scripts\;C:\Python312\;C:\Windows\system32;C:\Windows;C:\Windows\System32\Wbem;C:\Windows\System32\WindowsPowerShell\v1.0\;C:\Windows\System32\OpenSSH\;C:\ProgramData\chocolatey\bin;C:\Program Files\Java\jdk-22\bin;C:\Program Files\PuTTY\;C:\Program Files\Git\cmd;C:\Program Files\MATLAB\R2025b\bin;C:\Program Files\nodejs\;C:\Program Files\PowerShell\7\;;C:\Program Files\Docker\Docker\resources\bin;C:\Users\Admin\AppData\Local\pnpm;C:\Users\Admin\AppData\Local\Microsoft\WindowsApps;C:\Program Files\Java\jdk-22\bin;C:\Users\Admin\AppData\Local\Programs\Microsoft VS Code\bin;C:\Users\Admin\AppData\Roaming\npm;C:\Users\Admin\.lmstudio\bin
USERNAME=Admin
OS=Windows_NT
PROCESSOR_IDENTIFIER=Intel64 Family 6 Model 126 Stepping 5, GenuineIntel
TMP=C:\Users\Admin\AppData\Local\Temp
TEMP=C:\Users\Admin\AppData\Local\Temp




Periodic native trim disabled

---------------  S Y S T E M  ---------------

OS:
 Windows 10 , 64 bit Build 19041 (10.0.19041.5072)
OS uptime: 0 days 0:22 hours
Hyper-V role detected

CPU: total 4 (initial active 4) (2 cores per cpu, 2 threads per core) family 6 model 126 stepping 5 microcode 0x78, cx8, cmov, fxsr, ht, mmx, 3dnowpref, sse, sse2, sse3, ssse3, sse4.1, sse4.2, popcnt, lzcnt, tsc, tscinvbit, avx, avx2, aes, erms, clmul, bmi1, bmi2, adx, avx512f, avx512dq, avx512cd, avx512bw, avx512vl, sha, fma, vzeroupper, avx512_vpopcntdq, avx512_vpclmulqdq, avx512_vaes, avx512_vnni, clflush, clflushopt, avx512_vbmi2, avx512_vbmi, hv, rdtscp, rdpid, fsrm, gfni, avx512_bitalg, f16c, avx512_ifma
Processor Information for the first 4 processors :
  Max Mhz: 1190, Current Mhz: 1190, Mhz Limit: 1190

Memory: 4k page, system-wide physical 7934M (126M free)
TotalPageFile size 16126M (AvailPageFile size 2M)
current process WorkingSet (physical memory assigned to process): 44M, peak: 44M
current process commit charge ("private bytes"): 211M, peak: 211M

vm_info: OpenJDK 64-Bit Server VM (21.0.9+10-LTS) for windows-amd64 JRE (21.0.9+10-LTS), built on 2025-10-21T00:00:00Z by "admin" with unknown MS VC++:1942

END.
