#
# There is insufficient memory for the Java Runtime Environment to continue.
# Native memory allocation (malloc) failed to allocate 37136 bytes. Error detail: Chunk::new
# Possible reasons:
#   The system is out of physical RAM or swap space
#   This process is running with CompressedOops enabled, and the Java Heap may be blocking the growth of the native heap
# Possible solutions:
#   Reduce memory load on the system
#   Increase physical memory or swap space
#   Check if swap backing store is full
#   Decrease Java heap size (-Xmx/-Xms)
#   Decrease number of Java threads
#   Decrease Java thread stack sizes (-Xss)
#   Set larger code cache with -XX:ReservedCodeCacheSize=
#   JVM is running with Unscaled Compressed Oops mode in which the Java heap is
#     placed in the first 4GB address space. The Java Heap base address is the
#     maximum limit for the native heap growth. Please use -XX:HeapBaseMinAddress
#     to set the Java Heap base and to place the Java Heap above 4GB virtual address.
# This output file may be truncated or incomplete.
#
#  Out of Memory Error (arena.cpp:168), pid=13660, tid=6792
#
# JRE version: OpenJDK Runtime Environment Temurin-21.0.9+10 (21.0.9+10) (build 21.0.9+10-LTS)
# Java VM: OpenJDK 64-Bit Server VM Temurin-21.0.9+10 (21.0.9+10-LTS, mixed mode, sharing, tiered, compressed oops, compressed class ptrs, parallel gc, windows-amd64)
# No core dump will be written. Minidumps are not enabled by default on client versions of Windows
#

---------------  S U M M A R Y ------------

Command Line: --add-modules=ALL-SYSTEM --add-opens=java.base/java.util=ALL-UNNAMED --add-opens=java.base/java.lang=ALL-UNNAMED --add-opens=java.base/sun.nio.fs=ALL-UNNAMED -Declipse.application=org.eclipse.jdt.ls.core.id1 -Dosgi.bundles.defaultStartLevel=4 -Declipse.product=org.eclipse.jdt.ls.core.product -Djava.import.generatesMetadataFilesAtProjectRoot=false -DDetectVMInstallationsJob.disabled=true -Dfile.encoding=utf8 -XX:+UseParallelGC -XX:GCTimeRatio=4 -XX:AdaptiveSizePolicyWeight=90 -Dsun.zip.disableMemoryMapping=true -Xmx2G -Xms100m -Xlog:disable -javaagent:c:\Users\Admin\.vscode\extensions\redhat.java-1.52.0-win32-x64\lombok\lombok-1.18.39-4050.jar c:\Users\Admin\.vscode\extensions\redhat.java-1.52.0-win32-x64\server\plugins\org.eclipse.equinox.launcher_1.7.100.v20251111-0406.jar -configuration c:\Users\Admin\AppData\Roaming\Code\User\globalStorage\redhat.java\1.52.0\config_ss_win -data c:\Users\Admin\AppData\Roaming\Code\User\workspaceStorage\424d9fdacd8a04098d89d77251ab1c30\redhat.java\ss_ws --pipe=\\.\pipe\lsp-d7c8eb8f2f4b721ee58f89b3a352da4a-sock

Host: Intel(R) Core(TM) i3-1005G1 CPU @ 1.20GHz, 4 cores, 7G,  Windows 10 , 64 bit Build 19041 (10.0.19041.5072)
Time: Mon Feb  2 17:01:46 2026 Hora est. Pacífico, Sudamérica elapsed time: 0.123282 seconds (0d 0h 0m 0s)

---------------  T H R E A D  ---------------

Current thread (0x000001c533a23120):  JavaThread "C2 CompilerThread0" daemon [_thread_in_native, id=6792, stack(0x000000a489c00000,0x000000a489d00000) (1024K)]


Current CompileTask:
C2:123   16       4       jdk.internal.util.ArraysSupport::signedHashCode (37 bytes)

Stack: [0x000000a489c00000,0x000000a489d00000]
Native frames: (J=compiled Java code, j=interpreted, Vv=VM code, C=native code)
V  [jvm.dll+0x6d6e29]
V  [jvm.dll+0x8b4b76]
V  [jvm.dll+0x8b712e]
V  [jvm.dll+0x8b7813]
V  [jvm.dll+0x283d86]
V  [jvm.dll+0xc66ed]
V  [jvm.dll+0xc6c31]
V  [jvm.dll+0x2facee]
V  [jvm.dll+0x5fde44]
V  [jvm.dll+0x255557]
V  [jvm.dll+0x25591d]
V  [jvm.dll+0x24df40]
V  [jvm.dll+0x24b482]
V  [jvm.dll+0x1cb13e]
V  [jvm.dll+0x25b29d]
V  [jvm.dll+0x25982a]
V  [jvm.dll+0x3f7ea6]
V  [jvm.dll+0x85e9ad]
V  [jvm.dll+0x6d565d]
C  [ucrtbase.dll+0x21bb2]
C  [KERNEL32.DLL+0x17374]
C  [ntdll.dll+0x4cc91]


---------------  P R O C E S S  ---------------

Threads class SMR info:
_java_thread_list=0x000001c533bf7db0, length=9, elements={
0x000001c5317858d0, 0x000001c533a19940, 0x000001c533a1b240, 0x000001c533a1cdc0,
0x000001c533a1dcd0, 0x000001c533a218a0, 0x000001c533a222f0, 0x000001c533a23120,
0x000001c533a90500
}

Java Threads: ( => current thread )
  0x000001c5317858d0 JavaThread "main"                              [_thread_in_vm, id=7772, stack(0x000000a489200000,0x000000a489300000) (1024K)]
  0x000001c533a19940 JavaThread "Reference Handler"          daemon [_thread_blocked, id=7756, stack(0x000000a489600000,0x000000a489700000) (1024K)]
  0x000001c533a1b240 JavaThread "Finalizer"                  daemon [_thread_blocked, id=14172, stack(0x000000a489700000,0x000000a489800000) (1024K)]
  0x000001c533a1cdc0 JavaThread "Signal Dispatcher"          daemon [_thread_blocked, id=14444, stack(0x000000a489800000,0x000000a489900000) (1024K)]
  0x000001c533a1dcd0 JavaThread "Attach Listener"            daemon [_thread_blocked, id=10056, stack(0x000000a489900000,0x000000a489a00000) (1024K)]
  0x000001c533a218a0 JavaThread "Service Thread"             daemon [_thread_blocked, id=13408, stack(0x000000a489a00000,0x000000a489b00000) (1024K)]
  0x000001c533a222f0 JavaThread "Monitor Deflation Thread"   daemon [_thread_blocked, id=13044, stack(0x000000a489b00000,0x000000a489c00000) (1024K)]
=>0x000001c533a23120 JavaThread "C2 CompilerThread0"         daemon [_thread_in_native, id=6792, stack(0x000000a489c00000,0x000000a489d00000) (1024K)]
  0x000001c533a90500 JavaThread "C1 CompilerThread0"         daemon [_thread_blocked, id=14196, stack(0x000000a489d00000,0x000000a489e00000) (1024K)]
Total: 9

Other Threads:
  0x000001c5339fdd30 VMThread "VM Thread"                           [id=14120, stack(0x000000a489500000,0x000000a489600000) (1024K)]
  0x000001c533971920 WatcherThread "VM Periodic Task Thread"        [id=8448, stack(0x000000a489400000,0x000000a489500000) (1024K)]
  0x000001c533b4fa50 WorkerThread "GC Thread#0"                     [id=13360, stack(0x000000a489300000,0x000000a489400000) (1024K)]
Total: 3

Threads with active compile tasks:
C2 CompilerThread0  155   16       4       jdk.internal.util.ArraysSupport::signedHashCode (37 bytes)
Total: 1

VM state: not at safepoint (normal execution)

VM Mutex/Monitor currently owned by a thread: None

Heap address: 0x0000000080000000, size: 2048 MB, Compressed Oops mode: 32-bit

CDS archive(s) mapped at: [0x000001c54b000000-0x000001c54bba0000-0x000001c54bba0000), size 12189696, SharedBaseAddress: 0x000001c54b000000, ArchiveRelocationMode: 1.
Compressed class space mapped at: 0x000001c54c000000-0x000001c58c000000, reserved size: 1073741824
Narrow klass base: 0x000001c54b000000, Narrow klass shift: 0, Narrow klass range: 0x100000000

GC Precious Log:
 CardTable entry size: 512
 CPUs: 4 total, 4 available
 Memory: 7934M
 Large Page Support: Disabled
 NUMA Support: Disabled
 Compressed Oops: Enabled (32-bit)
 Alignments: Space 512K, Generation 512K, Heap 2M
 Heap Min Capacity: 100M
 Heap Initial Capacity: 100M
 Heap Max Capacity: 2G
 Pre-touch: Disabled
 Parallel Workers: 4

Heap:
 PSYoungGen      total 29696K, used 2048K [0x00000000d5580000, 0x00000000d7680000, 0x0000000100000000)
  eden space 25600K, 8% used [0x00000000d5580000,0x00000000d5780128,0x00000000d6e80000)
  from space 4096K, 0% used [0x00000000d7280000,0x00000000d7280000,0x00000000d7680000)
  to   space 4096K, 0% used [0x00000000d6e80000,0x00000000d6e80000,0x00000000d7280000)
 ParOldGen       total 68608K, used 0K [0x0000000080000000, 0x0000000084300000, 0x00000000d5580000)
  object space 68608K, 0% used [0x0000000080000000,0x0000000080000000,0x0000000084300000)
 Metaspace       used 116K, committed 320K, reserved 1114112K
  class space    used 1K, committed 128K, reserved 1048576K

Card table byte_map: [0x000001c5334e0000,0x000001c5338f0000] _byte_map_base: 0x000001c5330e0000

Marking Bits: (ParMarkBitMap*) 0x00007ffd93b42460
 Begin Bits: [0x000001c545ff0000, 0x000001c547ff0000)
 End Bits:   [0x000001c547ff0000, 0x000001c549ff0000)

Polling page: 0x000001c531980000

Metaspace:

Usage:
  Non-class:    114.32 KB used.
      Class:      1.98 KB used.
       Both:    116.30 KB used.

Virtual space:
  Non-class space:       64.00 MB reserved,     192.00 KB ( <1%) committed,  1 nodes.
      Class space:        1.00 GB reserved,     128.00 KB ( <1%) committed,  1 nodes.
             Both:        1.06 GB reserved,     320.00 KB ( <1%) committed. 

Chunk freelists:
   Non-Class:  12.00 MB
       Class:  15.75 MB
        Both:  27.75 MB

MaxMetaspaceSize: unlimited
CompressedClassSpaceSize: 1.00 GB
Initial GC threshold: 21.00 MB
Current GC threshold: 21.00 MB
CDS: on
 - commit_granule_bytes: 65536.
 - commit_granule_words: 8192.
 - virtual_space_node_default_size: 8388608.
 - enlarge_chunks_in_place: 1.
 - use_allocation_guard: 0.


Internal statistics:

num_allocs_failed_limit: 0.
num_arena_births: 4.
num_arena_deaths: 0.
num_vsnodes_births: 2.
num_vsnodes_deaths: 0.
num_space_committed: 5.
num_space_uncommitted: 0.
num_chunks_returned_to_freelist: 0.
num_chunks_taken_from_freelist: 5.
num_chunk_merges: 0.
num_chunk_splits: 3.
num_chunks_enlarged: 1.
num_inconsistent_stats: 0.

CodeHeap 'non-profiled nmethods': size=120000Kb used=12Kb max_used=12Kb free=119987Kb
 bounds [0x000001c53e810000, 0x000001c53ea80000, 0x000001c545d40000]
CodeHeap 'profiled nmethods': size=120000Kb used=43Kb max_used=43Kb free=119956Kb
 bounds [0x000001c536d40000, 0x000001c536fb0000, 0x000001c53e270000]
CodeHeap 'non-nmethods': size=5760Kb used=1128Kb max_used=1128Kb free=4631Kb
 bounds [0x000001c53e270000, 0x000001c53e4e0000, 0x000001c53e810000]
CodeCache: size=245760Kb, used=1183Kb, max_used=1183Kb, free=244574Kb
 total_blobs=400, nmethods=44, adapters=263, full_count=0
Compilation: enabled, stopped_count=0, restarted_count=0

Compilation events (20 events):
Event: 0.117 Thread 0x000001c533a90500   14       3       java.util.Objects::equals (23 bytes)
Event: 0.117 Thread 0x000001c533a23120   15       4       java.lang.Object::<init> (1 bytes)
Event: 0.117 Thread 0x000001c533a90500 nmethod 14 0x000001c536d45410 code [0x000001c536d455c0, 0x000001c536d45828]
Event: 0.117 Thread 0x000001c533a90500   17       3       java.lang.module.ModuleDescriptor$Exports::<init> (20 bytes)
Event: 0.118 Thread 0x000001c533a23120 nmethod 15 0x000001c53e810490 code [0x000001c53e810620, 0x000001c53e8106a8]
Event: 0.118 Thread 0x000001c533a90500 nmethod 17 0x000001c536d45910 code [0x000001c536d45ac0, 0x000001c536d45c68]
Event: 0.118 Thread 0x000001c533a23120   16       4       jdk.internal.util.ArraysSupport::signedHashCode (37 bytes)
Event: 0.118 Thread 0x000001c533a90500   18       3       java.lang.module.ModuleDescriptor::modsHashCode (43 bytes)
Event: 0.118 Thread 0x000001c533a90500 nmethod 18 0x000001c536d45d10 code [0x000001c536d45f00, 0x000001c536d46450]
Event: 0.118 Thread 0x000001c533a90500   19       3       java.util.Set::of (4 bytes)
Event: 0.118 Thread 0x000001c533a90500 nmethod 19 0x000001c536d46610 code [0x000001c536d467a0, 0x000001c536d46898]
Event: 0.118 Thread 0x000001c533a90500   20       3       java.util.Objects::requireNonNull (14 bytes)
Event: 0.118 Thread 0x000001c533a90500 nmethod 20 0x000001c536d46910 code [0x000001c536d46ac0, 0x000001c536d46ca8]
Event: 0.118 Thread 0x000001c533a90500   21       3       java.util.AbstractCollection::<init> (5 bytes)
Event: 0.119 Thread 0x000001c533a90500 nmethod 21 0x000001c536d46d90 code [0x000001c536d46f40, 0x000001c536d470a8]
Event: 0.119 Thread 0x000001c533a90500   22       3       java.util.ImmutableCollections$AbstractImmutableCollection::<init> (5 bytes)
Event: 0.119 Thread 0x000001c533a90500 nmethod 22 0x000001c536d47190 code [0x000001c536d47340, 0x000001c536d47508]
Event: 0.119 Thread 0x000001c533a90500   23       3       java.util.ImmutableCollections$AbstractImmutableSet::<init> (5 bytes)
Event: 0.119 Thread 0x000001c533a90500 nmethod 23 0x000001c536d47610 code [0x000001c536d477c0, 0x000001c536d479e8]
Event: 0.120 Thread 0x000001c533a90500   24       3       java.util.Set::of (68 bytes)

GC Heap History (0 events):
No events

Dll operation events (1 events):
Event: 0.021 Loaded shared library c:\Users\Admin\.vscode\extensions\redhat.java-1.52.0-win32-x64\jre\21.0.9-win32-x86_64\bin\java.dll

Deoptimization events (0 events):
No events

Classes loaded (0 events):
No events

Classes unloaded (0 events):
No events

Classes redefined (0 events):
No events

Internal exceptions (0 events):
No events

ZGC Phase Switch (0 events):
No events

VM Operations (0 events):
No events

Memory protections (0 events):
No events

Nmethod flushes (0 events):
No events

Events (9 events):
Event: 0.061 Thread 0x000001c5317858d0 Thread added: 0x000001c5317858d0
Event: 0.095 Thread 0x000001c5317858d0 Thread added: 0x000001c533a19940
Event: 0.095 Thread 0x000001c5317858d0 Thread added: 0x000001c533a1b240
Event: 0.095 Thread 0x000001c5317858d0 Thread added: 0x000001c533a1cdc0
Event: 0.096 Thread 0x000001c5317858d0 Thread added: 0x000001c533a1dcd0
Event: 0.096 Thread 0x000001c5317858d0 Thread added: 0x000001c533a218a0
Event: 0.096 Thread 0x000001c5317858d0 Thread added: 0x000001c533a222f0
Event: 0.096 Thread 0x000001c5317858d0 Thread added: 0x000001c533a23120
Event: 0.100 Thread 0x000001c5317858d0 Thread added: 0x000001c533a90500


Dynamic libraries:
0x00007ff6ec9b0000 - 0x00007ff6ec9be000 	c:\Users\Admin\.vscode\extensions\redhat.java-1.52.0-win32-x64\jre\21.0.9-win32-x86_64\bin\java.exe
0x00007ffe469d0000 - 0x00007ffe46bc8000 	C:\Windows\SYSTEM32\ntdll.dll
0x00007ffe44f60000 - 0x00007ffe45022000 	C:\Windows\System32\KERNEL32.DLL
0x00007ffe44070000 - 0x00007ffe4436e000 	C:\Windows\System32\KERNELBASE.dll
0x00007ffe44510000 - 0x00007ffe44610000 	C:\Windows\System32\ucrtbase.dll
0x00007ffe31240000 - 0x00007ffe31258000 	c:\Users\Admin\.vscode\extensions\redhat.java-1.52.0-win32-x64\jre\21.0.9-win32-x86_64\bin\jli.dll
0x00007ffe46790000 - 0x00007ffe4692d000 	C:\Windows\System32\USER32.dll
0x00007ffe449c0000 - 0x00007ffe449e2000 	C:\Windows\System32\win32u.dll
0x00007ffe466d0000 - 0x00007ffe466fb000 	C:\Windows\System32\GDI32.dll
0x00007ffe44710000 - 0x00007ffe44827000 	C:\Windows\System32\gdi32full.dll
0x00007ffe44370000 - 0x00007ffe4440d000 	C:\Windows\System32\msvcp_win.dll
0x00007ffe31220000 - 0x00007ffe3123e000 	c:\Users\Admin\.vscode\extensions\redhat.java-1.52.0-win32-x64\jre\21.0.9-win32-x86_64\bin\VCRUNTIME140.dll
0x00007ffe309f0000 - 0x00007ffe30c8a000 	C:\Windows\WinSxS\amd64_microsoft.windows.common-controls_6595b64144ccf1df_6.0.19041.4355_none_60b8b9eb71f62e16\COMCTL32.dll
0x00007ffe44c70000 - 0x00007ffe44d0e000 	C:\Windows\System32\msvcrt.dll
0x00007ffe464c0000 - 0x00007ffe464ef000 	C:\Windows\System32\IMM32.DLL
0x00007ffe3d340000 - 0x00007ffe3d34c000 	c:\Users\Admin\.vscode\extensions\redhat.java-1.52.0-win32-x64\jre\21.0.9-win32-x86_64\bin\vcruntime140_1.dll
0x00007ffe1e0b0000 - 0x00007ffe1e13d000 	c:\Users\Admin\.vscode\extensions\redhat.java-1.52.0-win32-x64\jre\21.0.9-win32-x86_64\bin\msvcp140.dll
0x00007ffd92e80000 - 0x00007ffd93c20000 	c:\Users\Admin\.vscode\extensions\redhat.java-1.52.0-win32-x64\jre\21.0.9-win32-x86_64\bin\server\jvm.dll
0x00007ffe45670000 - 0x00007ffe45721000 	C:\Windows\System32\ADVAPI32.dll
0x00007ffe45030000 - 0x00007ffe450cf000 	C:\Windows\System32\sechost.dll
0x00007ffe465a0000 - 0x00007ffe466c3000 	C:\Windows\System32\RPCRT4.dll
0x00007ffe44830000 - 0x00007ffe44857000 	C:\Windows\System32\bcrypt.dll
0x00007ffe45bb0000 - 0x00007ffe45c1b000 	C:\Windows\System32\WS2_32.dll
0x00007ffe43ed0000 - 0x00007ffe43f1b000 	C:\Windows\SYSTEM32\POWRPROF.dll
0x00007ffe30ca0000 - 0x00007ffe30cc7000 	C:\Windows\SYSTEM32\WINMM.dll
0x00007ffe3e150000 - 0x00007ffe3e15a000 	C:\Windows\SYSTEM32\VERSION.dll
0x00007ffe43eb0000 - 0x00007ffe43ec2000 	C:\Windows\SYSTEM32\UMPDC.dll
0x00007ffe42850000 - 0x00007ffe42862000 	C:\Windows\SYSTEM32\kernel.appcore.dll
0x00007ffe39600000 - 0x00007ffe3960a000 	c:\Users\Admin\.vscode\extensions\redhat.java-1.52.0-win32-x64\jre\21.0.9-win32-x86_64\bin\jimage.dll
0x00007ffe41db0000 - 0x00007ffe41f94000 	C:\Windows\SYSTEM32\DBGHELP.DLL
0x00007ffe2e7d0000 - 0x00007ffe2e804000 	C:\Windows\SYSTEM32\dbgcore.DLL
0x00007ffe44410000 - 0x00007ffe44492000 	C:\Windows\System32\bcryptPrimitives.dll
0x00007ffe22de0000 - 0x00007ffe22def000 	c:\Users\Admin\.vscode\extensions\redhat.java-1.52.0-win32-x64\jre\21.0.9-win32-x86_64\bin\instrument.dll
0x00007ffe31200000 - 0x00007ffe31220000 	c:\Users\Admin\.vscode\extensions\redhat.java-1.52.0-win32-x64\jre\21.0.9-win32-x86_64\bin\java.dll
0x00007ffe45d50000 - 0x00007ffe464bd000 	C:\Windows\System32\SHELL32.dll
0x00007ffe42090000 - 0x00007ffe42834000 	C:\Windows\SYSTEM32\windows.storage.dll
0x00007ffe45850000 - 0x00007ffe45ba3000 	C:\Windows\System32\combase.dll
0x00007ffe438f0000 - 0x00007ffe4391e000 	C:\Windows\SYSTEM32\Wldp.dll
0x00007ffe45c20000 - 0x00007ffe45ced000 	C:\Windows\System32\OLEAUT32.dll
0x00007ffe44a80000 - 0x00007ffe44b2d000 	C:\Windows\System32\SHCORE.dll
0x00007ffe45cf0000 - 0x00007ffe45d45000 	C:\Windows\System32\shlwapi.dll
0x00007ffe43fa0000 - 0x00007ffe43fc4000 	C:\Windows\SYSTEM32\profapi.dll

JVMTI agents:
c:\Users\Admin\.vscode\extensions\redhat.java-1.52.0-win32-x64\lombok\lombok-1.18.39-4050.jar path:none, loaded, not initialized, instrumentlib options:none

dbghelp: loaded successfully - version: 4.0.5 - missing functions: none
symbol engine: initialized successfully - sym options: 0x614 - pdb path: .;c:\Users\Admin\.vscode\extensions\redhat.java-1.52.0-win32-x64\jre\21.0.9-win32-x86_64\bin;C:\Windows\SYSTEM32;C:\Windows\WinSxS\amd64_microsoft.windows.common-controls_6595b64144ccf1df_6.0.19041.4355_none_60b8b9eb71f62e16;c:\Users\Admin\.vscode\extensions\redhat.java-1.52.0-win32-x64\jre\21.0.9-win32-x86_64\bin\server

VM Arguments:
jvm_args: --add-modules=ALL-SYSTEM --add-opens=java.base/java.util=ALL-UNNAMED --add-opens=java.base/java.lang=ALL-UNNAMED --add-opens=java.base/sun.nio.fs=ALL-UNNAMED -Declipse.application=org.eclipse.jdt.ls.core.id1 -Dosgi.bundles.defaultStartLevel=4 -Declipse.product=org.eclipse.jdt.ls.core.product -Djava.import.generatesMetadataFilesAtProjectRoot=false -DDetectVMInstallationsJob.disabled=true -Dfile.encoding=utf8 -XX:+UseParallelGC -XX:GCTimeRatio=4 -XX:AdaptiveSizePolicyWeight=90 -Dsun.zip.disableMemoryMapping=true -Xmx2G -Xms100m -Xlog:disable -javaagent:c:\Users\Admin\.vscode\extensions\redhat.java-1.52.0-win32-x64\lombok\lombok-1.18.39-4050.jar 
java_command: c:\Users\Admin\.vscode\extensions\redhat.java-1.52.0-win32-x64\server\plugins\org.eclipse.equinox.launcher_1.7.100.v20251111-0406.jar -configuration c:\Users\Admin\AppData\Roaming\Code\User\globalStorage\redhat.java\1.52.0\config_ss_win -data c:\Users\Admin\AppData\Roaming\Code\User\workspaceStorage\424d9fdacd8a04098d89d77251ab1c30\redhat.java\ss_ws --pipe=\\.\pipe\lsp-d7c8eb8f2f4b721ee58f89b3a352da4a-sock
java_class_path (initial): c:\Users\Admin\.vscode\extensions\redhat.java-1.52.0-win32-x64\server\plugins\org.eclipse.equinox.launcher_1.7.100.v20251111-0406.jar
Launcher Type: SUN_STANDARD

[Global flags]
    uintx AdaptiveSizePolicyWeight                 = 90                                        {product} {command line}
     intx CICompilerCount                          = 3                                         {product} {ergonomic}
    uintx GCTimeRatio                              = 4                                         {product} {command line}
   size_t InitialHeapSize                          = 104857600                                 {product} {command line}
   size_t MaxHeapSize                              = 2147483648                                {product} {command line}
   size_t MaxNewSize                               = 715653120                                 {product} {ergonomic}
   size_t MinHeapDeltaBytes                        = 524288                                    {product} {ergonomic}
   size_t MinHeapSize                              = 104857600                                 {product} {command line}
   size_t NewSize                                  = 34603008                                  {product} {ergonomic}
    uintx NonNMethodCodeHeapSize                   = 5832780                                {pd product} {ergonomic}
    uintx NonProfiledCodeHeapSize                  = 122912730                              {pd product} {ergonomic}
   size_t OldSize                                  = 70254592                                  {product} {ergonomic}
    uintx ProfiledCodeHeapSize                     = 122912730                              {pd product} {ergonomic}
    uintx ReservedCodeCacheSize                    = 251658240                              {pd product} {ergonomic}
     bool SegmentedCodeCache                       = true                                      {product} {ergonomic}
   size_t SoftMaxHeapSize                          = 2147483648                             {manageable} {ergonomic}
     bool UseCompressedOops                        = true                           {product lp64_product} {ergonomic}
     bool UseLargePagesIndividualAllocation        = false                                  {pd product} {ergonomic}
     bool UseParallelGC                            = true                                      {product} {command line}

Logging:
Log output configuration:
 #0: stdout all=off uptime,level,tags foldmultilines=false
 #1: stderr all=off uptime,level,tags foldmultilines=false

Release file:
<release file has not been read>
Environment Variables:
JAVA_HOME=C:\Program Files\Eclipse Adoptium\jdk-17.0.17.10-hotspot
PATH=C:\Program Files\Eclipse Adoptium\jdk-17.0.17.10-hotspot\bin;C:\Program Files\Oracle Client for Microsoft Tools\;C:\app\Admin\product\21c\dbhomeXE\bin;C:\Python312\Scripts\;C:\Python312\;C:\Windows\system32;C:\Windows;C:\Windows\System32\Wbem;C:\Windows\System32\WindowsPowerShell\v1.0\;C:\Windows\System32\OpenSSH\;C:\ProgramData\chocolatey\bin;C:\Program Files\Java\jdk-22\bin;C:\Program Files\PuTTY\;C:\Program Files\Git\cmd;C:\Program Files\MATLAB\R2025b\bin;C:\Program Files\nodejs\;C:\Program Files\PowerShell\7\;;C:\Program Files\Docker\Docker\resources\bin;C:\Users\Admin\AppData\Local\pnpm;C:\Users\Admin\AppData\Local\Microsoft\WindowsApps;C:\Program Files\Java\jdk-22\bin;C:\Users\Admin\AppData\Local\Programs\Microsoft VS Code\bin;C:\Users\Admin\AppData\Roaming\npm;C:\Users\Admin\.lmstudio\bin
USERNAME=Admin
OS=Windows_NT
PROCESSOR_IDENTIFIER=Intel64 Family 6 Model 126 Stepping 5, GenuineIntel
TMP=C:\Users\Admin\AppData\Local\Temp
TEMP=C:\Users\Admin\AppData\Local\Temp




Periodic native trim disabled

---------------  S Y S T E M  ---------------

OS:
 Windows 10 , 64 bit Build 19041 (10.0.19041.5072)
OS uptime: 0 days 0:22 hours
Hyper-V role detected

CPU: total 4 (initial active 4) (2 cores per cpu, 2 threads per core) family 6 model 126 stepping 5 microcode 0x78, cx8, cmov, fxsr, ht, mmx, 3dnowpref, sse, sse2, sse3, ssse3, sse4.1, sse4.2, popcnt, lzcnt, tsc, tscinvbit, avx, avx2, aes, erms, clmul, bmi1, bmi2, adx, avx512f, avx512dq, avx512cd, avx512bw, avx512vl, sha, fma, vzeroupper, avx512_vpopcntdq, avx512_vpclmulqdq, avx512_vaes, avx512_vnni, clflush, clflushopt, avx512_vbmi2, avx512_vbmi, hv, rdtscp, rdpid, fsrm, gfni, avx512_bitalg, f16c, avx512_ifma
Processor Information for the first 4 processors :
  Max Mhz: 1190, Current Mhz: 1190, Mhz Limit: 1190

Memory: 4k page, system-wide physical 7934M (143M free)
TotalPageFile size 16126M (AvailPageFile size 3M)
current process WorkingSet (physical memory assigned to process): 31M, peak: 31M
current process commit charge ("private bytes"): 207M, peak: 207M

vm_info: OpenJDK 64-Bit Server VM (21.0.9+10-LTS) for windows-amd64 JRE (21.0.9+10-LTS), built on 2025-10-21T00:00:00Z by "admin" with unknown MS VC++:1942

END.
